[2019-09-25 10:07:14.014] [org.springframework.context.support.PostProcessorRegistrationDelegate$BeanPostProcessorChecker] [main] [330] [INFO ] Bean 'org.springframework.cloud.autoconfigure.ConfigurationPropertiesRebinderAutoConfiguration' of type [org.springframework.cloud.autoconfigure.ConfigurationPropertiesRebinderAutoConfiguration$$EnhancerBySpringCGLIB$$51c723e1] is not eligible for getting processed by all BeanPostProcessors (for example: not eligible for auto-proxying)
[2019-09-25 10:07:15.015] [org.springframework.boot.SpringApplication] [main] [679] [INFO ] The following profiles are active: dev
[2019-09-25 10:07:16.016] [org.springframework.data.repository.config.RepositoryConfigurationDelegate] [main] [244] [INFO ] Multiple Spring Data modules found, entering strict repository configuration mode!
[2019-09-25 10:07:16.016] [org.springframework.data.repository.config.RepositoryConfigurationDelegate] [main] [126] [INFO ] Bootstrapping Spring Data repositories in DEFAULT mode.
[2019-09-25 10:07:16.016] [org.springframework.data.repository.config.RepositoryConfigurationDelegate] [main] [182] [INFO ] Finished Spring Data repository scanning in 27ms. Found 0 repository interfaces.
[2019-09-25 10:07:16.016] [org.springframework.cloud.context.scope.GenericScope] [main] [295] [INFO ] BeanFactory id=c82a25f6-5556-349e-8ebe-f9ab1b01474e
[2019-09-25 10:07:16.016] [org.springframework.integration.config.DefaultConfiguringBeanFactoryPostProcessor] [main] [188] [INFO ] No bean named 'errorChannel' has been explicitly defined. Therefore, a default PublishSubscribeChannel will be created.
[2019-09-25 10:07:16.016] [org.springframework.integration.config.DefaultConfiguringBeanFactoryPostProcessor] [main] [275] [INFO ] No bean named 'taskScheduler' has been explicitly defined. Therefore, a default ThreadPoolTaskScheduler will be created.
[2019-09-25 10:07:16.016] [org.springframework.integration.config.DefaultConfiguringBeanFactoryPostProcessor] [main] [426] [INFO ] No bean named 'integrationHeaderChannelRegistry' has been explicitly defined. Therefore, a default DefaultHeaderChannelRegistry will be created.
[2019-09-25 10:07:16.016] [org.springframework.context.support.PostProcessorRegistrationDelegate$BeanPostProcessorChecker] [main] [330] [INFO ] Bean 'com.aegis.modules.qywork.service.face.QYBusiness' of type [org.springframework.cloud.openfeign.FeignClientFactoryBean] is not eligible for getting processed by all BeanPostProcessors (for example: not eligible for auto-proxying)
[2019-09-25 10:07:16.016] [org.springframework.context.support.PostProcessorRegistrationDelegate$BeanPostProcessorChecker] [main] [330] [INFO ] Bean 'com.aegis.modules.qywork.service.face.QYUserBusiness' of type [org.springframework.cloud.openfeign.FeignClientFactoryBean] is not eligible for getting processed by all BeanPostProcessors (for example: not eligible for auto-proxying)
[2019-09-25 10:07:16.016] [org.springframework.context.support.PostProcessorRegistrationDelegate$BeanPostProcessorChecker] [main] [330] [INFO ] Bean 'org.springframework.transaction.annotation.ProxyTransactionManagementConfiguration' of type [org.springframework.transaction.annotation.ProxyTransactionManagementConfiguration$$EnhancerBySpringCGLIB$$35ad20e4] is not eligible for getting processed by all BeanPostProcessors (for example: not eligible for auto-proxying)
[2019-09-25 10:07:16.016] [org.springframework.context.support.PostProcessorRegistrationDelegate$BeanPostProcessorChecker] [main] [330] [INFO ] Bean 'org.springframework.security.config.annotation.configuration.ObjectPostProcessorConfiguration' of type [org.springframework.security.config.annotation.configuration.ObjectPostProcessorConfiguration$$EnhancerBySpringCGLIB$$ce5ae91e] is not eligible for getting processed by all BeanPostProcessors (for example: not eligible for auto-proxying)
[2019-09-25 10:07:16.016] [org.springframework.context.support.PostProcessorRegistrationDelegate$BeanPostProcessorChecker] [main] [330] [INFO ] Bean 'objectPostProcessor' of type [org.springframework.security.config.annotation.configuration.AutowireBeanFactoryObjectPostProcessor] is not eligible for getting processed by all BeanPostProcessors (for example: not eligible for auto-proxying)
[2019-09-25 10:07:16.016] [org.springframework.context.support.PostProcessorRegistrationDelegate$BeanPostProcessorChecker] [main] [330] [INFO ] Bean 'org.springframework.security.access.expression.method.DefaultMethodSecurityExpressionHandler@2166c48a' of type [org.springframework.security.access.expression.method.DefaultMethodSecurityExpressionHandler] is not eligible for getting processed by all BeanPostProcessors (for example: not eligible for auto-proxying)
[2019-09-25 10:07:16.016] [org.springframework.context.support.PostProcessorRegistrationDelegate$BeanPostProcessorChecker] [main] [330] [INFO ] Bean 'org.springframework.security.config.annotation.method.configuration.GlobalMethodSecurityConfiguration' of type [org.springframework.security.config.annotation.method.configuration.GlobalMethodSecurityConfiguration$$EnhancerBySpringCGLIB$$f32f8bd0] is not eligible for getting processed by all BeanPostProcessors (for example: not eligible for auto-proxying)
[2019-09-25 10:07:16.016] [org.springframework.context.support.PostProcessorRegistrationDelegate$BeanPostProcessorChecker] [main] [330] [INFO ] Bean 'methodSecurityMetadataSource' of type [org.springframework.security.access.method.DelegatingMethodSecurityMetadataSource] is not eligible for getting processed by all BeanPostProcessors (for example: not eligible for auto-proxying)
[2019-09-25 10:07:16.016] [org.springframework.context.support.PostProcessorRegistrationDelegate$BeanPostProcessorChecker] [main] [330] [INFO ] Bean 'redisConfig' of type [com.aegis.modules.system.config.RedisConfig$$EnhancerBySpringCGLIB$$edd7704] is not eligible for getting processed by all BeanPostProcessors (for example: not eligible for auto-proxying)
[2019-09-25 10:07:16.016] [org.springframework.context.support.PostProcessorRegistrationDelegate$BeanPostProcessorChecker] [main] [330] [INFO ] Bean 'org.springframework.integration.config.IntegrationManagementConfiguration' of type [org.springframework.integration.config.IntegrationManagementConfiguration$$EnhancerBySpringCGLIB$$a09edc13] is not eligible for getting processed by all BeanPostProcessors (for example: not eligible for auto-proxying)
[2019-09-25 10:07:16.016] [org.springframework.context.support.PostProcessorRegistrationDelegate$BeanPostProcessorChecker] [main] [330] [INFO ] Bean 'org.springframework.boot.autoconfigure.integration.IntegrationAutoConfiguration$IntegrationJmxConfiguration' of type [org.springframework.boot.autoconfigure.integration.IntegrationAutoConfiguration$IntegrationJmxConfiguration$$EnhancerBySpringCGLIB$$7c30e733] is not eligible for getting processed by all BeanPostProcessors (for example: not eligible for auto-proxying)
[2019-09-25 10:07:16.016] [org.springframework.context.support.PostProcessorRegistrationDelegate$BeanPostProcessorChecker] [main] [330] [INFO ] Bean 'org.springframework.boot.autoconfigure.jmx.JmxAutoConfiguration' of type [org.springframework.boot.autoconfigure.jmx.JmxAutoConfiguration$$EnhancerBySpringCGLIB$$b5189000] is not eligible for getting processed by all BeanPostProcessors (for example: not eligible for auto-proxying)
[2019-09-25 10:07:16.016] [org.springframework.context.support.PostProcessorRegistrationDelegate$BeanPostProcessorChecker] [main] [330] [INFO ] Bean 'mbeanServer' of type [com.sun.jmx.mbeanserver.JmxMBeanServer] is not eligible for getting processed by all BeanPostProcessors (for example: not eligible for auto-proxying)
[2019-09-25 10:07:16.016] [org.springframework.context.support.PostProcessorRegistrationDelegate$BeanPostProcessorChecker] [main] [330] [INFO ] Bean 'integrationDisposableAutoCreatedBeans' of type [org.springframework.integration.config.annotation.Disposables] is not eligible for getting processed by all BeanPostProcessors (for example: not eligible for auto-proxying)
[2019-09-25 10:07:16.016] [org.springframework.context.support.PostProcessorRegistrationDelegate$BeanPostProcessorChecker] [main] [330] [INFO ] Bean 'org.springframework.hateoas.config.HateoasConfiguration' of type [org.springframework.hateoas.config.HateoasConfiguration$$EnhancerBySpringCGLIB$$b52d6e16] is not eligible for getting processed by all BeanPostProcessors (for example: not eligible for auto-proxying)
[2019-09-25 10:07:16.016] [org.springframework.context.support.PostProcessorRegistrationDelegate$BeanPostProcessorChecker] [main] [330] [INFO ] Bean 'org.springframework.cloud.autoconfigure.ConfigurationPropertiesRebinderAutoConfiguration' of type [org.springframework.cloud.autoconfigure.ConfigurationPropertiesRebinderAutoConfiguration$$EnhancerBySpringCGLIB$$51c723e1] is not eligible for getting processed by all BeanPostProcessors (for example: not eligible for auto-proxying)
[2019-09-25 10:07:16.016] [org.springframework.boot.web.embedded.tomcat.TomcatWebServer] [main] [90] [INFO ] Tomcat initialized with port(s): 8090 (http)
[2019-09-25 10:07:17.017] [org.apache.juli.logging.DirectJDKLog] [main] [173] [INFO ] Initializing ProtocolHandler ["http-nio-8090"]
[2019-09-25 10:07:17.017] [org.apache.juli.logging.DirectJDKLog] [main] [173] [INFO ] Starting service [Tomcat]
[2019-09-25 10:07:17.017] [org.apache.juli.logging.DirectJDKLog] [main] [173] [INFO ] Starting Servlet engine: [Apache Tomcat/9.0.19]
[2019-09-25 10:07:17.017] [org.apache.juli.logging.DirectJDKLog] [main] [173] [INFO ] Initializing Spring embedded WebApplicationContext
[2019-09-25 10:07:17.017] [org.springframework.boot.web.servlet.context.ServletWebServerApplicationContext] [main] [296] [INFO ] Root WebApplicationContext: initialization completed in 1888 ms
[2019-09-25 10:07:17.017] [com.netflix.config.sources.URLConfigurationSource] [main] [121] [WARN ] No URLs will be polled as dynamic configuration sources.
[2019-09-25 10:07:17.017] [com.netflix.config.sources.URLConfigurationSource] [main] [122] [INFO ] To enable URLs as dynamic configuration sources, define System property archaius.configurationSource.additionalUrls or make config.properties available on classpath.
[2019-09-25 10:07:17.017] [com.netflix.config.DynamicPropertyFactory] [main] [281] [INFO ] DynamicPropertyFactory is initialized with configuration sources: com.netflix.config.ConcurrentCompositeConfiguration@4dad2363
[2019-09-25 10:07:19.019] [org.springframework.boot.actuate.endpoint.web.EndpointLinksResolver] [main] [59] [INFO ] Exposing 2 endpoint(s) beneath base path '/actuator'
[2019-09-25 10:07:20.020] [org.springframework.security.web.DefaultSecurityFilterChain] [main] [43] [INFO ] Creating filter chain: any request, [org.springframework.security.web.context.request.async.WebAsyncManagerIntegrationFilter@1ef7e4c7, org.springframework.security.web.context.SecurityContextPersistenceFilter@7137cd14, org.springframework.security.web.header.HeaderWriterFilter@3f8a44a4, org.springframework.security.web.authentication.logout.LogoutFilter@600a1270, com.aegis.modules.system.filters.JwtAuthorizationTokenFilter@4cddc036, org.springframework.security.web.savedrequest.RequestCacheAwareFilter@6de2344a, org.springframework.security.web.servletapi.SecurityContextHolderAwareRequestFilter@6a9f8c2f, org.springframework.security.web.authentication.AnonymousAuthenticationFilter@57edfa89, org.springframework.security.web.session.SessionManagementFilter@3e729d46, org.springframework.security.web.access.ExceptionTranslationFilter@1cdb280b, org.springframework.security.web.access.intercept.FilterSecurityInterceptor@1a3a6216]
[2019-09-25 10:07:20.020] [com.netflix.config.sources.URLConfigurationSource] [main] [121] [WARN ] No URLs will be polled as dynamic configuration sources.
[2019-09-25 10:07:20.020] [com.netflix.config.sources.URLConfigurationSource] [main] [122] [INFO ] To enable URLs as dynamic configuration sources, define System property archaius.configurationSource.additionalUrls or make config.properties available on classpath.
[2019-09-25 10:07:20.020] [org.springframework.scheduling.concurrent.ExecutorConfigurationSupport] [main] [171] [INFO ] Initializing ExecutorService 'applicationTaskExecutor'
[2019-09-25 10:07:20.020] [springfox.documentation.spring.web.PropertySourcedRequestMappingHandlerMapping] [main] [69] [INFO ] Mapped URL path [/v2/api-docs] onto method [public org.springframework.http.ResponseEntity<springfox.documentation.spring.web.json.Json> springfox.documentation.swagger2.web.Swagger2Controller.getDocumentation(java.lang.String,javax.servlet.http.HttpServletRequest)]
[2019-09-25 10:07:21.021] [org.springframework.cloud.netflix.core.CoreAutoConfiguration] [main] [37] [WARN ] This module is deprecated. It will be removed in the next major release. Please use spring-cloud-netflix-hystrix instead.
[2019-09-25 10:07:21.021] [org.springframework.scheduling.concurrent.ExecutorConfigurationSupport] [main] [171] [INFO ] Initializing ExecutorService 'taskScheduler'
[2019-09-25 10:07:22.022] [org.springframework.integration.monitor.IntegrationMBeanExporter] [main] [767] [INFO ] Registering MessageChannel nullChannel
[2019-09-25 10:07:22.022] [org.springframework.integration.monitor.IntegrationMBeanExporter] [main] [767] [INFO ] Registering MessageChannel errorChannel
[2019-09-25 10:07:22.022] [org.springframework.integration.monitor.IntegrationMBeanExporter] [main] [785] [INFO ] Registering MessageHandler errorLogger
[2019-09-25 10:07:22.022] [org.springframework.integration.endpoint.EventDrivenConsumer] [main] [107] [INFO ] Adding {logging-channel-adapter:_org.springframework.integration.errorLogger} as a subscriber to the 'errorChannel' channel
[2019-09-25 10:07:22.022] [org.springframework.integration.channel.AbstractSubscribableChannel] [main] [64] [INFO ] Channel 'kotlin-wx-demo-1.errorChannel' has 1 subscriber(s).
[2019-09-25 10:07:22.022] [org.springframework.integration.endpoint.AbstractEndpoint] [main] [159] [INFO ] started _org.springframework.integration.errorLogger
[2019-09-25 10:07:22.022] [springfox.documentation.spring.web.plugins.DocumentationPluginsBootstrapper] [main] [160] [INFO ] Context refreshed
[2019-09-25 10:07:22.022] [springfox.documentation.spring.web.plugins.DocumentationPluginsBootstrapper] [main] [163] [INFO ] Found 1 custom documentation plugin(s)
[2019-09-25 10:07:22.022] [springfox.documentation.spring.web.scanners.ApiListingReferenceScanner] [main] [41] [INFO ] Scanning for api listing references
[2019-09-25 10:07:22.022] [com.aegis.app.metadata.ApplicationPreparedEventListener] [main] [64] [INFO ] =============================================================
# 当前路径    D:\project\框架\kotlin-wx-demo
# 当前PID    13028
# 当前版本    null
=============================================================
[2019-09-25 10:07:22.022] [org.apache.juli.logging.DirectJDKLog] [main] [173] [INFO ] Starting ProtocolHandler ["http-nio-8090"]
[2019-09-25 10:07:22.022] [org.springframework.boot.web.embedded.tomcat.TomcatWebServer] [main] [204] [INFO ] Tomcat started on port(s): 8090 (http) with context path ''
[2019-09-25 10:07:22.022] [org.springframework.boot.StartupInfoLogger] [main] [59] [INFO ] Started DemoApplicationKt in 8.369 seconds (JVM running for 9.26)
[2019-09-25 10:07:22.022] [com.zaxxer.hikari.HikariDataSource] [RMI TCP Connection(2)-192.168.50.49] [110] [INFO ] HikariPool-1 - Starting...
[2019-09-25 10:07:22.022] [org.apache.juli.logging.DirectJDKLog] [RMI TCP Connection(3)-192.168.50.49] [173] [INFO ] Initializing Spring DispatcherServlet 'dispatcherServlet'
[2019-09-25 10:07:22.022] [org.springframework.web.servlet.FrameworkServlet] [RMI TCP Connection(3)-192.168.50.49] [524] [INFO ] Initializing Servlet 'dispatcherServlet'
[2019-09-25 10:07:22.022] [org.springframework.web.servlet.FrameworkServlet] [RMI TCP Connection(3)-192.168.50.49] [546] [INFO ] Completed initialization in 18 ms
[2019-09-25 10:07:23.023] [com.zaxxer.hikari.HikariDataSource] [RMI TCP Connection(2)-192.168.50.49] [123] [INFO ] HikariPool-1 - Start completed.
[2019-09-25 10:07:23.023] [io.lettuce.core.EpollProvider] [parallel-1] [68] [INFO ] Starting without optional epoll library
[2019-09-25 10:07:23.023] [io.lettuce.core.KqueueProvider] [parallel-1] [70] [INFO ] Starting without optional kqueue library
[2019-09-25 10:07:52.052] [com.aegis.modules.system.config.jwt.JwtAuthenticationEntryPoint] [http-nio-8090-exec-2] [21] [INFO ] 请先登录
[2019-09-25 10:10:57.057] [org.springframework.integration.endpoint.EventDrivenConsumer] [Thread-22] [107] [INFO ] Removing {logging-channel-adapter:_org.springframework.integration.errorLogger} as a subscriber to the 'errorChannel' channel
[2019-09-25 10:10:57.057] [org.springframework.integration.channel.AbstractSubscribableChannel] [Thread-22] [64] [INFO ] Channel 'kotlin-wx-demo-1.errorChannel' has 0 subscriber(s).
[2019-09-25 10:10:57.057] [org.springframework.integration.endpoint.AbstractEndpoint] [Thread-22] [193] [INFO ] stopped _org.springframework.integration.errorLogger
[2019-09-25 10:10:57.057] [org.springframework.scheduling.concurrent.ExecutorConfigurationSupport] [Thread-22] [208] [INFO ] Shutting down ExecutorService 'taskScheduler'
[2019-09-25 10:10:57.057] [org.springframework.scheduling.concurrent.ExecutorConfigurationSupport] [Thread-22] [208] [INFO ] Shutting down ExecutorService 'applicationTaskExecutor'
[2019-09-25 10:10:58.058] [org.springframework.integration.monitor.IntegrationMBeanExporter] [Thread-22] [495] [INFO ] Summary on shutdown: nullChannel
[2019-09-25 10:10:58.058] [org.springframework.integration.monitor.IntegrationMBeanExporter] [Thread-22] [495] [INFO ] Summary on shutdown: errorChannel
[2019-09-25 10:10:58.058] [org.springframework.integration.monitor.IntegrationMBeanExporter] [Thread-22] [498] [INFO ] Summary on shutdown: _org.springframework.integration.errorLogger.handler
[2019-09-25 10:10:58.058] [com.zaxxer.hikari.HikariDataSource] [Thread-22] [350] [INFO ] HikariPool-1 - Shutdown initiated...
[2019-09-25 10:10:58.058] [com.zaxxer.hikari.HikariDataSource] [Thread-22] [352] [INFO ] HikariPool-1 - Shutdown completed.
[2019-09-25 10:11:05.005] [org.springframework.context.support.PostProcessorRegistrationDelegate$BeanPostProcessorChecker] [main] [330] [INFO ] Bean 'org.springframework.cloud.autoconfigure.ConfigurationPropertiesRebinderAutoConfiguration' of type [org.springframework.cloud.autoconfigure.ConfigurationPropertiesRebinderAutoConfiguration$$EnhancerBySpringCGLIB$$3b5cc1b1] is not eligible for getting processed by all BeanPostProcessors (for example: not eligible for auto-proxying)
[2019-09-25 10:11:05.005] [org.springframework.boot.SpringApplication] [main] [679] [INFO ] The following profiles are active: dev
[2019-09-25 10:11:06.006] [org.springframework.data.repository.config.RepositoryConfigurationDelegate] [main] [244] [INFO ] Multiple Spring Data modules found, entering strict repository configuration mode!
[2019-09-25 10:11:06.006] [org.springframework.data.repository.config.RepositoryConfigurationDelegate] [main] [126] [INFO ] Bootstrapping Spring Data repositories in DEFAULT mode.
[2019-09-25 10:11:06.006] [org.springframework.data.repository.config.RepositoryConfigurationDelegate] [main] [182] [INFO ] Finished Spring Data repository scanning in 27ms. Found 0 repository interfaces.
[2019-09-25 10:11:06.006] [org.springframework.cloud.context.scope.GenericScope] [main] [295] [INFO ] BeanFactory id=c82a25f6-5556-349e-8ebe-f9ab1b01474e
[2019-09-25 10:11:06.006] [org.springframework.integration.config.DefaultConfiguringBeanFactoryPostProcessor] [main] [188] [INFO ] No bean named 'errorChannel' has been explicitly defined. Therefore, a default PublishSubscribeChannel will be created.
[2019-09-25 10:11:06.006] [org.springframework.integration.config.DefaultConfiguringBeanFactoryPostProcessor] [main] [275] [INFO ] No bean named 'taskScheduler' has been explicitly defined. Therefore, a default ThreadPoolTaskScheduler will be created.
[2019-09-25 10:11:06.006] [org.springframework.integration.config.DefaultConfiguringBeanFactoryPostProcessor] [main] [426] [INFO ] No bean named 'integrationHeaderChannelRegistry' has been explicitly defined. Therefore, a default DefaultHeaderChannelRegistry will be created.
[2019-09-25 10:11:06.006] [org.springframework.context.support.PostProcessorRegistrationDelegate$BeanPostProcessorChecker] [main] [330] [INFO ] Bean 'com.aegis.modules.qywork.service.face.QYBusiness' of type [org.springframework.cloud.openfeign.FeignClientFactoryBean] is not eligible for getting processed by all BeanPostProcessors (for example: not eligible for auto-proxying)
[2019-09-25 10:11:06.006] [org.springframework.context.support.PostProcessorRegistrationDelegate$BeanPostProcessorChecker] [main] [330] [INFO ] Bean 'com.aegis.modules.qywork.service.face.QYUserBusiness' of type [org.springframework.cloud.openfeign.FeignClientFactoryBean] is not eligible for getting processed by all BeanPostProcessors (for example: not eligible for auto-proxying)
[2019-09-25 10:11:06.006] [org.springframework.context.support.PostProcessorRegistrationDelegate$BeanPostProcessorChecker] [main] [330] [INFO ] Bean 'org.springframework.transaction.annotation.ProxyTransactionManagementConfiguration' of type [org.springframework.transaction.annotation.ProxyTransactionManagementConfiguration$$EnhancerBySpringCGLIB$$1f42beb4] is not eligible for getting processed by all BeanPostProcessors (for example: not eligible for auto-proxying)
[2019-09-25 10:11:06.006] [org.springframework.context.support.PostProcessorRegistrationDelegate$BeanPostProcessorChecker] [main] [330] [INFO ] Bean 'org.springframework.security.config.annotation.configuration.ObjectPostProcessorConfiguration' of type [org.springframework.security.config.annotation.configuration.ObjectPostProcessorConfiguration$$EnhancerBySpringCGLIB$$b7f086ee] is not eligible for getting processed by all BeanPostProcessors (for example: not eligible for auto-proxying)
[2019-09-25 10:11:06.006] [org.springframework.context.support.PostProcessorRegistrationDelegate$BeanPostProcessorChecker] [main] [330] [INFO ] Bean 'objectPostProcessor' of type [org.springframework.security.config.annotation.configuration.AutowireBeanFactoryObjectPostProcessor] is not eligible for getting processed by all BeanPostProcessors (for example: not eligible for auto-proxying)
[2019-09-25 10:11:06.006] [org.springframework.context.support.PostProcessorRegistrationDelegate$BeanPostProcessorChecker] [main] [330] [INFO ] Bean 'org.springframework.security.access.expression.method.DefaultMethodSecurityExpressionHandler@7a117dc2' of type [org.springframework.security.access.expression.method.DefaultMethodSecurityExpressionHandler] is not eligible for getting processed by all BeanPostProcessors (for example: not eligible for auto-proxying)
[2019-09-25 10:11:06.006] [org.springframework.context.support.PostProcessorRegistrationDelegate$BeanPostProcessorChecker] [main] [330] [INFO ] Bean 'org.springframework.security.config.annotation.method.configuration.GlobalMethodSecurityConfiguration' of type [org.springframework.security.config.annotation.method.configuration.GlobalMethodSecurityConfiguration$$EnhancerBySpringCGLIB$$dcc529a0] is not eligible for getting processed by all BeanPostProcessors (for example: not eligible for auto-proxying)
[2019-09-25 10:11:06.006] [org.springframework.context.support.PostProcessorRegistrationDelegate$BeanPostProcessorChecker] [main] [330] [INFO ] Bean 'methodSecurityMetadataSource' of type [org.springframework.security.access.method.DelegatingMethodSecurityMetadataSource] is not eligible for getting processed by all BeanPostProcessors (for example: not eligible for auto-proxying)
[2019-09-25 10:11:06.006] [org.springframework.context.support.PostProcessorRegistrationDelegate$BeanPostProcessorChecker] [main] [330] [INFO ] Bean 'redisConfig' of type [com.aegis.modules.system.config.RedisConfig$$EnhancerBySpringCGLIB$$f87314d4] is not eligible for getting processed by all BeanPostProcessors (for example: not eligible for auto-proxying)
[2019-09-25 10:11:06.006] [org.springframework.context.support.PostProcessorRegistrationDelegate$BeanPostProcessorChecker] [main] [330] [INFO ] Bean 'org.springframework.integration.config.IntegrationManagementConfiguration' of type [org.springframework.integration.config.IntegrationManagementConfiguration$$EnhancerBySpringCGLIB$$8a3479e3] is not eligible for getting processed by all BeanPostProcessors (for example: not eligible for auto-proxying)
[2019-09-25 10:11:06.006] [org.springframework.context.support.PostProcessorRegistrationDelegate$BeanPostProcessorChecker] [main] [330] [INFO ] Bean 'org.springframework.boot.autoconfigure.integration.IntegrationAutoConfiguration$IntegrationJmxConfiguration' of type [org.springframework.boot.autoconfigure.integration.IntegrationAutoConfiguration$IntegrationJmxConfiguration$$EnhancerBySpringCGLIB$$65c68503] is not eligible for getting processed by all BeanPostProcessors (for example: not eligible for auto-proxying)
[2019-09-25 10:11:06.006] [org.springframework.context.support.PostProcessorRegistrationDelegate$BeanPostProcessorChecker] [main] [330] [INFO ] Bean 'org.springframework.boot.autoconfigure.jmx.JmxAutoConfiguration' of type [org.springframework.boot.autoconfigure.jmx.JmxAutoConfiguration$$EnhancerBySpringCGLIB$$9eae2dd0] is not eligible for getting processed by all BeanPostProcessors (for example: not eligible for auto-proxying)
[2019-09-25 10:11:06.006] [org.springframework.context.support.PostProcessorRegistrationDelegate$BeanPostProcessorChecker] [main] [330] [INFO ] Bean 'mbeanServer' of type [com.sun.jmx.mbeanserver.JmxMBeanServer] is not eligible for getting processed by all BeanPostProcessors (for example: not eligible for auto-proxying)
[2019-09-25 10:11:06.006] [org.springframework.context.support.PostProcessorRegistrationDelegate$BeanPostProcessorChecker] [main] [330] [INFO ] Bean 'integrationDisposableAutoCreatedBeans' of type [org.springframework.integration.config.annotation.Disposables] is not eligible for getting processed by all BeanPostProcessors (for example: not eligible for auto-proxying)
[2019-09-25 10:11:06.006] [org.springframework.context.support.PostProcessorRegistrationDelegate$BeanPostProcessorChecker] [main] [330] [INFO ] Bean 'org.springframework.hateoas.config.HateoasConfiguration' of type [org.springframework.hateoas.config.HateoasConfiguration$$EnhancerBySpringCGLIB$$9ec30be6] is not eligible for getting processed by all BeanPostProcessors (for example: not eligible for auto-proxying)
[2019-09-25 10:11:06.006] [org.springframework.context.support.PostProcessorRegistrationDelegate$BeanPostProcessorChecker] [main] [330] [INFO ] Bean 'org.springframework.cloud.autoconfigure.ConfigurationPropertiesRebinderAutoConfiguration' of type [org.springframework.cloud.autoconfigure.ConfigurationPropertiesRebinderAutoConfiguration$$EnhancerBySpringCGLIB$$3b5cc1b1] is not eligible for getting processed by all BeanPostProcessors (for example: not eligible for auto-proxying)
[2019-09-25 10:11:07.007] [org.springframework.boot.web.embedded.tomcat.TomcatWebServer] [main] [90] [INFO ] Tomcat initialized with port(s): 8090 (http)
[2019-09-25 10:11:07.007] [org.apache.juli.logging.DirectJDKLog] [main] [173] [INFO ] Initializing ProtocolHandler ["http-nio-8090"]
[2019-09-25 10:11:07.007] [org.apache.juli.logging.DirectJDKLog] [main] [173] [INFO ] Starting service [Tomcat]
[2019-09-25 10:11:07.007] [org.apache.juli.logging.DirectJDKLog] [main] [173] [INFO ] Starting Servlet engine: [Apache Tomcat/9.0.19]
[2019-09-25 10:11:07.007] [org.apache.juli.logging.DirectJDKLog] [main] [173] [INFO ] Initializing Spring embedded WebApplicationContext
[2019-09-25 10:11:07.007] [org.springframework.boot.web.servlet.context.ServletWebServerApplicationContext] [main] [296] [INFO ] Root WebApplicationContext: initialization completed in 1780 ms
[2019-09-25 10:11:07.007] [com.netflix.config.sources.URLConfigurationSource] [main] [121] [WARN ] No URLs will be polled as dynamic configuration sources.
[2019-09-25 10:11:07.007] [com.netflix.config.sources.URLConfigurationSource] [main] [122] [INFO ] To enable URLs as dynamic configuration sources, define System property archaius.configurationSource.additionalUrls or make config.properties available on classpath.
[2019-09-25 10:11:07.007] [com.netflix.config.DynamicPropertyFactory] [main] [281] [INFO ] DynamicPropertyFactory is initialized with configuration sources: com.netflix.config.ConcurrentCompositeConfiguration@24ac6fef
[2019-09-25 10:11:09.009] [org.springframework.boot.actuate.endpoint.web.EndpointLinksResolver] [main] [59] [INFO ] Exposing 2 endpoint(s) beneath base path '/actuator'
[2019-09-25 10:11:10.010] [org.springframework.security.web.DefaultSecurityFilterChain] [main] [43] [INFO ] Creating filter chain: any request, [org.springframework.security.web.context.request.async.WebAsyncManagerIntegrationFilter@3df4cd96, org.springframework.security.web.context.SecurityContextPersistenceFilter@22e253c7, org.springframework.security.web.header.HeaderWriterFilter@5c59dfc7, org.springframework.security.web.authentication.logout.LogoutFilter@28532753, com.aegis.modules.system.filters.JwtAuthorizationTokenFilter@38a52072, org.springframework.security.web.savedrequest.RequestCacheAwareFilter@4fe3199d, org.springframework.security.web.servletapi.SecurityContextHolderAwareRequestFilter@5134a7d6, org.springframework.security.web.authentication.AnonymousAuthenticationFilter@35bf6dba, org.springframework.security.web.session.SessionManagementFilter@578781f7, org.springframework.security.web.access.ExceptionTranslationFilter@43f5b014, org.springframework.security.web.access.intercept.FilterSecurityInterceptor@7d76d72a]
[2019-09-25 10:11:10.010] [com.netflix.config.sources.URLConfigurationSource] [main] [121] [WARN ] No URLs will be polled as dynamic configuration sources.
[2019-09-25 10:11:10.010] [com.netflix.config.sources.URLConfigurationSource] [main] [122] [INFO ] To enable URLs as dynamic configuration sources, define System property archaius.configurationSource.additionalUrls or make config.properties available on classpath.
[2019-09-25 10:11:10.010] [org.springframework.scheduling.concurrent.ExecutorConfigurationSupport] [main] [171] [INFO ] Initializing ExecutorService 'applicationTaskExecutor'
[2019-09-25 10:11:10.010] [springfox.documentation.spring.web.PropertySourcedRequestMappingHandlerMapping] [main] [69] [INFO ] Mapped URL path [/v2/api-docs] onto method [public org.springframework.http.ResponseEntity<springfox.documentation.spring.web.json.Json> springfox.documentation.swagger2.web.Swagger2Controller.getDocumentation(java.lang.String,javax.servlet.http.HttpServletRequest)]
[2019-09-25 10:11:11.011] [org.springframework.cloud.netflix.core.CoreAutoConfiguration] [main] [37] [WARN ] This module is deprecated. It will be removed in the next major release. Please use spring-cloud-netflix-hystrix instead.
[2019-09-25 10:11:12.012] [org.springframework.scheduling.concurrent.ExecutorConfigurationSupport] [main] [171] [INFO ] Initializing ExecutorService 'taskScheduler'
[2019-09-25 10:11:12.012] [org.springframework.integration.monitor.IntegrationMBeanExporter] [main] [767] [INFO ] Registering MessageChannel nullChannel
[2019-09-25 10:11:12.012] [org.springframework.integration.monitor.IntegrationMBeanExporter] [main] [767] [INFO ] Registering MessageChannel errorChannel
[2019-09-25 10:11:12.012] [org.springframework.integration.monitor.IntegrationMBeanExporter] [main] [785] [INFO ] Registering MessageHandler errorLogger
[2019-09-25 10:11:12.012] [org.springframework.integration.endpoint.EventDrivenConsumer] [main] [107] [INFO ] Adding {logging-channel-adapter:_org.springframework.integration.errorLogger} as a subscriber to the 'errorChannel' channel
[2019-09-25 10:11:12.012] [org.springframework.integration.channel.AbstractSubscribableChannel] [main] [64] [INFO ] Channel 'kotlin-wx-demo-1.errorChannel' has 1 subscriber(s).
[2019-09-25 10:11:12.012] [org.springframework.integration.endpoint.AbstractEndpoint] [main] [159] [INFO ] started _org.springframework.integration.errorLogger
[2019-09-25 10:11:12.012] [springfox.documentation.spring.web.plugins.DocumentationPluginsBootstrapper] [main] [160] [INFO ] Context refreshed
[2019-09-25 10:11:12.012] [springfox.documentation.spring.web.plugins.DocumentationPluginsBootstrapper] [main] [163] [INFO ] Found 1 custom documentation plugin(s)
[2019-09-25 10:11:12.012] [springfox.documentation.spring.web.scanners.ApiListingReferenceScanner] [main] [41] [INFO ] Scanning for api listing references
[2019-09-25 10:11:12.012] [com.aegis.app.metadata.ApplicationPreparedEventListener] [main] [64] [INFO ] =============================================================
# 当前路径    D:\project\框架\kotlin-wx-demo
# 当前PID    16268
# 当前版本    null
=============================================================
[2019-09-25 10:11:12.012] [org.apache.juli.logging.DirectJDKLog] [main] [173] [INFO ] Starting ProtocolHandler ["http-nio-8090"]
[2019-09-25 10:11:12.012] [org.springframework.boot.web.embedded.tomcat.TomcatWebServer] [main] [204] [INFO ] Tomcat started on port(s): 8090 (http) with context path ''
[2019-09-25 10:11:12.012] [org.springframework.boot.StartupInfoLogger] [main] [59] [INFO ] Started DemoApplicationKt in 8.244 seconds (JVM running for 9.114)
[2019-09-25 10:11:12.012] [com.zaxxer.hikari.HikariDataSource] [RMI TCP Connection(2)-192.168.50.49] [110] [INFO ] HikariPool-1 - Starting...
[2019-09-25 10:11:12.012] [org.apache.juli.logging.DirectJDKLog] [RMI TCP Connection(1)-192.168.50.49] [173] [INFO ] Initializing Spring DispatcherServlet 'dispatcherServlet'
[2019-09-25 10:11:12.012] [org.springframework.web.servlet.FrameworkServlet] [RMI TCP Connection(1)-192.168.50.49] [524] [INFO ] Initializing Servlet 'dispatcherServlet'
[2019-09-25 10:11:12.012] [org.springframework.web.servlet.FrameworkServlet] [RMI TCP Connection(1)-192.168.50.49] [546] [INFO ] Completed initialization in 21 ms
[2019-09-25 10:11:13.013] [com.zaxxer.hikari.HikariDataSource] [RMI TCP Connection(2)-192.168.50.49] [123] [INFO ] HikariPool-1 - Start completed.
[2019-09-25 10:11:13.013] [io.lettuce.core.EpollProvider] [parallel-1] [68] [INFO ] Starting without optional epoll library
[2019-09-25 10:11:13.013] [io.lettuce.core.KqueueProvider] [parallel-1] [70] [INFO ] Starting without optional kqueue library
